2025-12-28 16:30:35,413 INFO:Publisher started for project inft-6000 with suffix -Murad_Mazanli
2025-12-28 16:30:36,194 INFO:Published to WARN: Multiple session resets detected for user619 (Message ID: 17016363785436045)
2025-12-28 16:30:38,311 INFO:Published to ALERT: Unauthorized access attempt involving user812 (Message ID: 17015715925680071)
2025-12-28 16:30:40,425 INFO:Published to DEBUG: Refreshed session token for user989 (Message ID: 17015829413541342)
2025-12-28 16:30:42,759 INFO:Published to INFO: User user306 changed password (Message ID: 17015920597211068)
2025-12-28 16:30:44,872 INFO:Published to INFO: User user774 logged in (Message ID: 17016449390993960)
2025-12-28 16:30:47,196 INFO:Published to ERROR: Could not write data to storage for user546 (Message ID: 17016139716718553)
2025-12-28 16:30:49,312 INFO:Published to DEBUG: Background sync finished for user571 (Message ID: 17015616926913298)
2025-12-28 16:30:51,428 INFO:Published to WARN: Potential brute-force activity involving user987 (Message ID: 17014286798657008)
2025-12-28 16:30:53,550 INFO:Published to ALERT: Unauthorized access attempt involving user877 (Message ID: 17015945798661974)
2025-12-28 16:30:55,664 INFO:Published to DEBUG: Validation routine succeeded for user304 (Message ID: 17015893886383778)
2025-12-28 16:30:57,994 INFO:Published to WARN: Suspicious repeated login attempts for user694 (Message ID: 17015651591137429)
2025-12-28 16:31:00,109 INFO:Published to WARN: Unusual access pattern detected for user883 (Message ID: 17015638697829305)
2025-12-28 16:31:02,441 INFO:Published to DEBUG: Preloaded configuration for user509 (Message ID: 17016082354898337)
2025-12-28 16:31:04,553 INFO:Published to INFO: User user372 enabled 2FA (Message ID: 17015945334083424)
2025-12-28 16:31:06,689 INFO:Published to DEBUG: Refreshed session token for user438 (Message ID: 17015534709789450)
2025-12-28 16:31:08,800 INFO:Published to WARN: Unusual access pattern detected for user443 (Message ID: 17016248943490684)
2025-12-28 16:31:11,122 INFO:Published to INFO: User user991 changed password (Message ID: 17015981631321421)
2025-12-28 16:31:13,326 INFO:Published to ALERT: Account lock triggered for user542 (Message ID: 17015353187637903)
2025-12-28 16:31:15,644 INFO:Published to ALERT: Critical suspicious behaviour detected for user875 (Message ID: 17016329068017541)
2025-12-28 16:31:18,087 INFO:Published to DEBUG: Refreshed session token for user472 (Message ID: 17015437510054999)
2025-12-28 16:31:20,222 INFO:Published to WARN: Unusual access pattern detected for user939 (Message ID: 17015730315976383)
2025-12-28 16:31:22,597 INFO:Published to DEBUG: Cache write completed for user375 (Message ID: 17016265116807746)
2025-12-28 16:31:24,707 INFO:Published to INFO: User user945 changed password (Message ID: 17016065267659488)
2025-12-28 16:31:27,202 INFO:Published to DEBUG: Refreshed session token for user694 (Message ID: 17016429881422823)
2025-12-28 16:31:29,312 INFO:Published to DEBUG: Refreshed session token for user116 (Message ID: 17016635515728716)
2025-12-28 16:31:31,606 INFO:Published to WARN: Potential brute-force activity involving user641 (Message ID: 17016697294599148)
2025-12-28 16:31:34,103 INFO:Published to DEBUG: Refreshed session token for user748 (Message ID: 17016809664749667)
2025-12-28 16:31:36,217 INFO:Published to DEBUG: Refreshed session token for user974 (Message ID: 17016565331337801)
2025-12-28 16:31:38,327 INFO:Published to INFO: User user787 created shared folder (Message ID: 17015422027401596)
2025-12-28 16:31:40,766 INFO:Published to DEBUG: Preloaded configuration for user447 (Message ID: 17016140706594406)
2025-12-28 16:31:42,882 INFO:Published to DEBUG: Refreshed session token for user107 (Message ID: 17014899531871883)
2025-12-28 16:31:45,339 INFO:Published to WARN: Unusual access pattern detected for user100 (Message ID: 17015231803874472)
2025-12-28 16:31:47,459 INFO:Published to ERROR: Could not complete workspace creation for user928 (Message ID: 17015881858990659)
2025-12-28 16:31:49,711 INFO:Published to INFO: User user401 updated profile (Message ID: 17016588407275015)
2025-12-28 16:31:52,085 INFO:Published to WARN: Suspicious repeated login attempts for user984 (Message ID: 17016397152035333)
2025-12-28 16:31:54,207 INFO:Published to DEBUG: Background sync finished for user618 (Message ID: 17014966129409365)
2025-12-28 16:31:56,340 INFO:Published to ERROR: Could not write data to storage for user891 (Message ID: 17015952699458289)
2025-12-28 16:31:58,801 INFO:Published to DEBUG: Cache write completed for user207 (Message ID: 17014413499823437)
2025-12-28 16:32:00,917 INFO:Published to INFO: User user957 changed password (Message ID: 17016024224397836)
2025-12-28 16:32:03,145 INFO:Published to ERROR: Could not save changes for user283 (Message ID: 17015005352009230)
2025-12-28 16:32:05,260 INFO:Published to WARN: Suspicious repeated login attempts for user239 (Message ID: 17016010252230511)
2025-12-28 16:32:07,259 INFO:Publisher stopped.
